to jest drugi test
to jest trzeci test
Isil mowi: S'il vous plait.
Isil mowi: Ja je bardzo lubie.
Isil mowi: Alez to nie klopot.
Berrin mowi: Witajcie.
Berrin mowi: Witajcie.
Astor mowi: Ug.
Astor mowi: Wypadlo maue.
Berrin mowi: Oniecuje.
Berrin mowi: I nie jestem.
Blejd mowi: Czolko.
Blejd mowi: Co ja bede tak stal jak te widly w gnoju.
Blejd mowi: Zartowalem.
Blejd mowi: Zeby klucze byly trza aktywnie ganiac i ich szukac. A ciezko czasem samemu. Dlatego zachecam do czewstszych rajdow.
Blejd mowi: I wstawania rzecz jasna.
Blejd mowi: Zdaloby sie ruiny przetrzepac.
Blejd mowi: Fajnie byloby tez miec informacje jaka gildia sie wybiera na ruiny i wpasc na labirynt troche posiec tez.
Blejd mowi: Zagram na nerwach przy ognisku.
Blejd mowi: Zetne las na to ognisko.
Blejd mowi: Tylko jedno w glowie mam kluczy pelen kram.
Blejd mowi: Zaprosmy je na ognisko.
Blejd mowi: No w sumie prawie.
Blejd mowi: Ale to tylko osoby ktore dobrze potrafia ocenic sie nadadza.
Blejd mowi: O ile dobrze rozumiem.
Blejd mowi: Mikul bedzie chodzil z dziesiecioma wykalaczkami na zapas.
Blejd mowi: No ja Mikula starszego kwatermistrza tez.
Blejd mowi: Zlom trza spieniezyc.
Blejd mowi: No ciezko sie zrownac z gnomem.
Blejd mowi: Na kolanach nie bede lazil.
Blejd mowi: Powiedzcie otwarcie o kim mowicie bo nie wszyscy lapia.
Astor mowi: E tam. Las jak las. Jeno dziewuchy wkurzajace.
Blejd mowi: Astorowi akurat masz tam ciezko bos gruby i latwo trafic.
Astor mowi: Z Jensen wspolnie to rozwiazalismy.
Astor mowi: Jak i kilka innych skarbcow.
Blejd mowi: Tylko zamknac przed ogrami.
Blejd mowi: I jeszcze wprowadzmy zamiatanie cechu.
Blejd mowi: Jak w kle.
Astor mowi: Na gorze roze, na dole bez - sprzetu nie dostaniesz, do roboty sie bierz.
Blejd mowi: A wlasnie.
Blejd mowi: Co do komanda.
Berrin mowi: Las..
Blejd mowi: Ciekaw jestem na jakiej podstawie by nas atakowali.
Astor mowi: Blejd, przerabialem ju? to odkad jestem w Cechu z 5 razy. nie odpuscisz, bedzie wojna i tyle.
Astor mowi: Zawsze tak bylo.
Blejd mowi: No dlatego odpuszczam.
Blejd mowi: Wielce ich sojusznicy z za morza.
Astor mowi: Gloduja po lasach...
Blejd mowi: Linfgardczycy.
Blejd mowi: Nilfgardczycy.
Astor mowi: W jakichs starych runicznych zbrojach chodza... miecze poszczerbione, no dramat.
Blejd mowi: Walal mi sie po plecaku.
Astor mowi: Zycie krotkie a mutant obok - prowadz blejdus.
Blejd mowi: Wlasnie.
Blejd mowi: Mutant.
Blejd mowi: Kiedys z kla wylecial jeden bo zdjal cialo z szubienicy rudym.
Astor mowi: Dobra.
Astor mowi: Moje moze za dziesiec kropli poprowadzic po kluczach - i tu i za morzem.
Astor mowi: Kostek starszy.
Blejd mowi: Ja chetnie pokaze to i owo.
Blejd mowi: Jak trza.
[Astor] mowi: Poczekam tu na chetnych.
Blejd mowi: Ale bede muchy pral.
Berrin mowi: Ja sie poloze.
Blejd mowi: To idom.
Blejd mowi: Idziecie tez.
Blejd mowi: Nie ma czasu.
Blejd mowi: No chyc chyc.
Astor mowi: Sekuna i gotow.
